\BOOKMARK [0][-]{figure.caption.2}{\376\377\000L\000E\000M\000B\000A\000R\000\040\000P\000E\000R\000S\000E\000T\000U\000J\000U\000A\000N\000\040\000H\000A\000S\000I\000L\000\040\000S\000I\000D\000A\000N\000G\000\040\000S\000K\000R\000I\000P\000S\000I}{}% 1
\BOOKMARK [0][-]{chapter*.3}{\376\377\000L\000E\000M\000B\000A\000R\000\040\000P\000E\000R\000N\000Y\000A\000T\000A\000A\000N}{}% 2
\BOOKMARK [0][-]{chapter*.4}{\376\377\000L\000E\000M\000B\000A\000R\000\040\000P\000E\000R\000S\000E\000M\000B\000A\000H\000A\000N}{}% 3
\BOOKMARK [0][-]{chapter*.5}{\376\377\000A\000B\000S\000T\000R\000A\000K}{}% 4
\BOOKMARK [0][-]{chapter*.6}{\376\377\000A\000B\000S\000T\000R\000A\000C\000T}{}% 5
\BOOKMARK [0][-]{Item.8}{\376\377\000K\000A\000T\000A\000\040\000P\000E\000N\000G\000A\000N\000T\000A\000R}{}% 6
\BOOKMARK [0][-]{chapter*.8}{\376\377\000D\000A\000F\000T\000A\000R\000\040\000I\000S\000I}{}% 7
\BOOKMARK [0][-]{chapter*.9}{\376\377\000D\000A\000F\000T\000A\000R\000\040\000G\000A\000M\000B\000A\000R}{}% 8
\BOOKMARK [0][-]{chapter*.10}{\376\377\000D\000A\000F\000T\000A\000R\000\040\000T\000A\000B\000E\000L}{}% 9
\BOOKMARK [0][-]{chapter.1}{\376\377\000P\000E\000N\000D\000A\000H\000U\000L\000U\000A\000N}{}% 10
\BOOKMARK [1][-]{section.1.1}{\376\377\000L\000a\000t\000a\000r\000\040\000B\000e\000l\000a\000k\000a\000n\000g\000\040\000M\000a\000s\000a\000l\000a\000h}{chapter.1}% 11
\BOOKMARK [1][-]{section.1.2}{\376\377\000R\000u\000m\000u\000s\000a\000n\000\040\000M\000a\000s\000a\000l\000a\000h}{chapter.1}% 12
\BOOKMARK [1][-]{section.1.3}{\376\377\000P\000e\000m\000b\000a\000t\000a\000s\000a\000n\000\040\000M\000a\000s\000a\000l\000a\000h}{chapter.1}% 13
\BOOKMARK [1][-]{section.1.4}{\376\377\000T\000u\000j\000u\000a\000n\000\040\000P\000e\000n\000e\000l\000i\000t\000i\000a\000n}{chapter.1}% 14
\BOOKMARK [1][-]{section.1.5}{\376\377\000M\000a\000n\000f\000a\000a\000t\000\040\000P\000e\000n\000e\000l\000i\000t\000i\000a\000n}{chapter.1}% 15
\BOOKMARK [0][-]{chapter.2}{\376\377\000K\000A\000J\000I\000A\000N\000\040\000P\000U\000S\000T\000A\000K\000A}{}% 16
\BOOKMARK [1][-]{section.2.1}{\376\377\000P\000e\000r\000i\000k\000a\000n\000a\000n\000\040\000m\000o\000d\000e\000r\000n}{chapter.2}% 17
\BOOKMARK [1][-]{section.2.2}{\376\377\000S\000i\000s\000t\000e\000m\000\040\000b\000a\000c\000k\000e\000n\000d\000\040\000y\000a\000n\000g\000\040\000b\000e\000r\000t\000a\000n\000g\000g\000u\000n\000g\000\040\000j\000a\000w\000a\000b\000\040\000u\000n\000t\000u\000k\000\040\000m\000e\000l\000a\000y\000a\000n\000i\000\040\000t\000r\000a\000n\000s\000a\000k\000s\000i\000\040\000q\000u\000e\000r\000y}{chapter.2}% 18
\BOOKMARK [1][-]{section.2.3}{\376\377\000S\000c\000r\000u\000m}{chapter.2}% 19
\BOOKMARK [2][-]{subsection.2.3.1}{\376\377\000T\000i\000m\000\040\000S\000c\000r\000u\000m}{section.2.3}% 20
\BOOKMARK [2][-]{subsection.2.3.2}{\376\377\000A\000k\000t\000i\000v\000i\000t\000a\000s\000-\000a\000k\000t\000i\000v\000i\000t\000a\000s\000\040\000S\000c\000r\000u\000m\000\040\000\050\000S\000c\000r\000u\000m\000\040\000E\000v\000e\000n\000t\000s\000\051}{section.2.3}% 21
\BOOKMARK [2][-]{subsection.2.3.3}{\376\377\000K\000o\000m\000p\000o\000n\000e\000n\000\040\000S\000c\000r\000u\000m\000\040\000\050\000S\000c\000r\000u\000m\000\040\000A\000r\000t\000i\000f\000a\000c\000t\000s\000\051}{section.2.3}% 22
\BOOKMARK [1][-]{section.2.4}{\376\377\000R\000E\000S\000T}{chapter.2}% 23
\BOOKMARK [2][-]{subsection.2.4.1}{\376\377\000U\000R\000L\000\040\000D\000e\000s\000i\000g\000n}{section.2.4}% 24
\BOOKMARK [2][-]{subsection.2.4.2}{\376\377\000H\000T\000T\000P\000\040\000V\000e\000r\000b\000s}{section.2.4}% 25
\BOOKMARK [2][-]{subsection.2.4.3}{\376\377\000H\000T\000T\000P\000\040\000R\000e\000s\000p\000o\000n\000s\000e\000\040\000C\000o\000d\000e}{section.2.4}% 26
\BOOKMARK [2][-]{subsection.2.4.4}{\376\377\000F\000o\000r\000m\000a\000t\000\040\000R\000e\000s\000p\000o\000n\000s\000e}{section.2.4}% 27
\BOOKMARK [1][-]{section.2.5}{\376\377\000M\000o\000n\000g\000o\000D\000B}{chapter.2}% 28
\BOOKMARK [1][-]{section.2.6}{\376\377\000F\000l\000a\000s\000k\000\040\000F\000r\000a\000m\000e\000w\000o\000r\000k}{chapter.2}% 29
\BOOKMARK [2][-]{subsection.2.6.1}{\376\377\000F\000l\000a\000s\000k\000\040\000r\000o\000u\000t\000i\000n\000g}{section.2.6}% 30
\BOOKMARK [2][-]{subsection.2.6.2}{\376\377\000D\000e\000p\000e\000n\000d\000e\000n\000c\000i\000e\000s}{section.2.6}% 31
\BOOKMARK [1][-]{section.2.7}{\376\377\000A\000p\000a\000c\000h\000e}{chapter.2}% 32
\BOOKMARK [2][-]{subsection.2.7.1}{\376\377\000K\000o\000n\000f\000i\000g\000u\000r\000a\000s\000i\000\040\000h\000t\000t\000p\000d\000.\000c\000o\000n\000f}{section.2.7}% 33
\BOOKMARK [1][-]{section.2.8}{\376\377\000U\000n\000i\000t\000\040\000T\000e\000s\000t\000i\000n\000g}{chapter.2}% 34
\BOOKMARK [1][-]{section.2.9}{\376\377\000U\000s\000e\000r\000\040\000A\000c\000c\000e\000p\000t\000a\000n\000c\000e\000\040\000T\000e\000s\000t\000\040\000\050\000U\000A\000T\000\051}{chapter.2}% 35
\BOOKMARK [1][-]{section.2.10}{\376\377\000B\000l\000a\000c\000k\000\040\000b\000o\000x\000\040\000t\000e\000s\000t\000i\000n\000g}{chapter.2}% 36
\BOOKMARK [0][-]{chapter.3}{\376\377\000M\000e\000t\000o\000d\000o\000l\000o\000g\000i\000\040\000P\000e\000n\000e\000l\000i\000t\000i\000a\000n}{}% 37
\BOOKMARK [1][-]{section.3.1}{\376\377\000P\000e\000n\000g\000u\000m\000p\000u\000l\000a\000n\000\040\000D\000a\000t\000a}{chapter.3}% 38
\BOOKMARK [1][-]{section.3.2}{\376\377\000A\000n\000a\000l\000i\000s\000a\000\040\000S\000i\000s\000t\000e\000m}{chapter.3}% 39
\BOOKMARK [1][-]{section.3.3}{\376\377\000A\000n\000a\000l\000i\000s\000a\000\040\000K\000e\000b\000u\000t\000u\000h\000a\000n}{chapter.3}% 40
\BOOKMARK [1][-]{section.3.4}{\376\377\000P\000e\000r\000a\000n\000c\000a\000n\000g\000a\000n\000\040\000S\000i\000s\000t\000e\000m}{chapter.3}% 41
\BOOKMARK [2][-]{subsection.3.4.1}{\376\377\000P\000r\000o\000d\000u\000k\000\040\000B\000a\000c\000k\000l\000o\000g}{section.3.4}% 42
\BOOKMARK [2][-]{subsection.3.4.2}{\376\377\000S\000p\000r\000i\000n\000t\000\040\000B\000a\000c\000k\000l\000o\000g}{section.3.4}% 43
\BOOKMARK [2][-]{subsection.3.4.3}{\376\377\000D\000a\000i\000l\000y\000\040\000S\000c\000r\000u\000m}{section.3.4}% 44
\BOOKMARK [2][-]{subsection.3.4.4}{\376\377\000S\000p\000r\000i\000n\000t\000\040\000R\000e\000v\000i\000e\000w\000\040\000d\000a\000n\000\040\000S\000p\000r\000i\000n\000t\000\040\000R\000e\000t\000r\000o\000s\000p\000e\000c\000t\000i\000v\000e}{section.3.4}% 45
\BOOKMARK [1][-]{section.3.5}{\376\377\000P\000e\000n\000g\000u\000j\000i\000a\000n}{chapter.3}% 46
\BOOKMARK [0][-]{chapter.4}{\376\377\000H\000a\000s\000i\000l\000\040\000D\000a\000n\000\040\000P\000e\000m\000b\000a\000h\000a\000s\000a\000n}{}% 47
\BOOKMARK [1][-]{section.4.1}{\376\377\000P\000e\000r\000a\000n\000c\000a\000n\000g\000a\000n\000\040\000S\000i\000s\000t\000e\000m}{chapter.4}% 48
\BOOKMARK [2][-]{subsection.4.1.1}{\376\377\000S\000p\000r\000i\000n\000t\000\040\0001\000\040\000R\000e\000p\000o\000r\000t}{section.4.1}% 49
\BOOKMARK [2][-]{subsection.4.1.2}{\376\377\000S\000p\000r\000i\000n\000t\000\040\0002\000\040\000R\000e\000p\000o\000r\000t}{section.4.1}% 50
\BOOKMARK [2][-]{subsection.4.1.3}{\376\377\000S\000p\000r\000i\000n\000t\000\040\0003\000\040\000R\000e\000p\000o\000r\000t}{section.4.1}% 51
\BOOKMARK [2][-]{subsection.4.1.4}{\376\377\000S\000p\000r\000i\000n\000t\000\040\0004\000\040\000R\000e\000p\000o\000r\000t}{section.4.1}% 52
\BOOKMARK [2][-]{subsection.4.1.5}{\376\377\000S\000p\000r\000i\000n\000t\000\040\0005\000\040\000R\000e\000p\000o\000r\000t}{section.4.1}% 53
\BOOKMARK [2][-]{subsection.4.1.6}{\376\377\000S\000p\000r\000i\000n\000t\000\040\0006\000\040\000R\000e\000p\000o\000r\000t}{section.4.1}% 54
\BOOKMARK [2][-]{subsection.4.1.7}{\376\377\000S\000p\000r\000i\000n\000t\000\040\0007\000\040\000R\000e\000p\000o\000r\000t}{section.4.1}% 55
\BOOKMARK [2][-]{subsection.4.1.8}{\376\377\000S\000p\000r\000i\000n\000t\000\040\0008\000\040\000R\000e\000p\000o\000r\000t}{section.4.1}% 56
\BOOKMARK [2][-]{subsection.4.1.9}{\376\377\000S\000p\000r\000i\000n\000t\000\040\0009\000\040\000R\000e\000p\000o\000r\000t}{section.4.1}% 57
\BOOKMARK [2][-]{subsection.4.1.10}{\376\377\000S\000p\000r\000i\000n\000t\000\040\0001\0000\000\040\000R\000e\000p\000o\000r\000t}{section.4.1}% 58
\BOOKMARK [1][-]{section.4.2}{\376\377\000U\000j\000i\000\040\000S\000i\000s\000t\000e\000m}{chapter.4}% 59
\BOOKMARK [2][-]{subsection.4.2.1}{\376\377\000U\000n\000i\000t\000\040\000T\000e\000s\000t\000i\000n\000g}{section.4.2}% 60
\BOOKMARK [2][-]{subsection.4.2.2}{\376\377\000P\000e\000n\000g\000u\000j\000i\000a\000n\000\040\000W\000e\000b\000\040\000S\000e\000r\000v\000i\000c\000e}{section.4.2}% 61
\BOOKMARK [2][-]{subsection.4.2.3}{\376\377\000P\000e\000n\000g\000u\000j\000i\000a\000n\000\040\000U\000A\000T\000\040\000\050\000U\000s\000e\000r\000\040\000A\000c\000c\000e\000p\000t\000a\000n\000c\000e\000\040\000T\000e\000s\000t\000\051}{section.4.2}% 62
\BOOKMARK [0][-]{chapter.5}{\376\377\000K\000E\000S\000I\000M\000P\000U\000L\000A\000N\000\040\000D\000A\000N\000\040\000S\000A\000R\000A\000N}{}% 63
\BOOKMARK [1][-]{section.5.1}{\376\377\000K\000e\000s\000i\000m\000p\000u\000l\000a\000n}{chapter.5}% 64
\BOOKMARK [1][-]{section.5.2}{\376\377\000S\000a\000r\000a\000n}{chapter.5}% 65
\BOOKMARK [0][-]{chapter*.52}{\376\377\000D\000A\000F\000T\000A\000R\000\040\000P\000U\000S\000T\000A\000K\000A}{}% 66
\BOOKMARK [0][-]{appendix.A}{\376\377\000L\000A\000M\000P\000I\000R\000A\000N}{}% 67
\BOOKMARK [1][-]{section.A.1}{\376\377\000T\000r\000a\000n\000s\000k\000r\000i\000p\000\040\000P\000e\000r\000c\000a\000k\000a\000p\000a\000n}{appendix.A}% 68
\BOOKMARK [1][-]{section.A.2}{\376\377\000T\000r\000a\000n\000s\000k\000r\000i\000p\000\040\000P\000e\000r\000c\000a\000k\000a\000p\000a\000n\000\040\000F\000i\000n\000a\000l\000\040\000T\000e\000s\000t\000i\000n\000g\000\040\000W\000e\000b\000\040\000S\000e\000r\000v\000i\000c\000e}{appendix.A}% 69
\BOOKMARK [1][-]{section.A.3}{\376\377\000T\000r\000a\000n\000s\000k\000r\000i\000p\000\040\000P\000e\000r\000c\000a\000k\000a\000p\000a\000n\000\040\000U\000A\000T}{appendix.A}% 70
\BOOKMARK [0][-]{appendix.B}{\376\377\000D\000A\000F\000T\000A\000R\000\040\000R\000I\000W\000A\000Y\000A\000T\000\040\000H\000I\000D\000U\000P}{}% 71
